<?xml version="1.0" encoding="UTF-8"?>
<!-- Generated by org.testng.reporters.JUnitXMLReporter -->
<testsuite ignored="0" hostname="LAPTOP-BIM2FR3V" failures="0" tests="7" name="Test" time="73.425" errors="0" timestamp="2026-04-15T17:22:13 IST">
  <testcase classname="testScenarios.CountNoOfLinks" name="CountLinks" time="22.055"/>
  <testcase classname="testScenarios.MouseHoverEvents" name="dragAndDrop" time="8.314"/>
  <testcase classname="testScenarios.LetsCodIt" name="handlingAllWebElements" time="7.702"/>
  <testcase classname="testScenarios.DatePicker" name="selectDate" time="19.604"/>
  <testcase classname="testScenarios.DynDataHand" name="dynData" time="2.643"/>
  <testcase classname="testScenarios.SwitchingWind" name="switchWin" time="3.83"/>
  <testcase classname="testScenarios.AutoSuggHandling" name="googleAutoSugg" time="9.162"/>
</testsuite> <!-- Test -->
