<?xml version="1.0" encoding="UTF-8"?>
<!-- Generated by org.testng.reporters.JUnitXMLReporter -->
<testsuite ignored="0" hostname="LAPTOP-BIM2FR3V" failures="0" tests="7" name="Test" time="75.374" errors="0" timestamp="2026-04-20T17:25:13 IST">
  <testcase classname="testScenarios.CountNoOfLinks" name="CountLinks" time="20.197"/>
  <testcase classname="testScenarios.MouseHoverEvents" name="dragAndDrop" time="9.187"/>
  <testcase classname="testScenarios.LetsCodIt" name="handlingAllWebElements" time="8.819"/>
  <testcase classname="testScenarios.DatePicker" name="selectDate" time="19.111"/>
  <testcase classname="testScenarios.DynDataHand" name="dynData" time="3.686"/>
  <testcase classname="testScenarios.SwitchingWind" name="switchWin" time="4.975"/>
  <testcase classname="testScenarios.AutoSuggHandling" name="googleAutoSugg" time="9.303"/>
</testsuite> <!-- Test -->
