<?xml version="1.0" encoding="UTF-8"?>
<testng-results ignored="0" total="7" passed="7" failed="0" skipped="0">
  <reporter-output>
  </reporter-output>
  <suite started-at="2026-04-15T17:20:59 IST" name="Suite" finished-at="2026-04-15T17:22:12 IST" duration-ms="73425">
    <groups>
    </groups>
    <test started-at="2026-04-15T17:20:59 IST" name="Test" finished-at="2026-04-15T17:22:12 IST" duration-ms="73425">
      <class name="testScenarios.SwitchingWind">
        <test-method signature="switchWin()[pri:0, instance:testScenarios.SwitchingWind@368f2016]" started-at="2026-04-15T17:21:59 IST" name="switchWin" finished-at="2026-04-15T17:22:03 IST" duration-ms="3830" status="PASS">
          <reporter-output>
          </reporter-output>
        </test-method> <!-- switchWin -->
      </class> <!-- testScenarios.SwitchingWind -->
      <class name="testScenarios.DatePicker">
        <test-method signature="selectDate()[pri:0, instance:testScenarios.DatePicker@7c7b252e]" started-at="2026-04-15T17:21:37 IST" name="selectDate" finished-at="2026-04-15T17:21:57 IST" duration-ms="19604" status="PASS">
          <reporter-output>
          </reporter-output>
        </test-method> <!-- selectDate -->
      </class> <!-- testScenarios.DatePicker -->
      <class name="testScenarios.DynDataHand">
        <test-method signature="dynData()[pri:0, instance:testScenarios.DynDataHand@4d5d943d]" started-at="2026-04-15T17:21:57 IST" name="dynData" finished-at="2026-04-15T17:21:59 IST" duration-ms="2643" status="PASS">
          <reporter-output>
          </reporter-output>
        </test-method> <!-- dynData -->
      </class> <!-- testScenarios.DynDataHand -->
      <class name="testScenarios.LetsCodIt">
        <test-method signature="handlingAllWebElements()[pri:0, instance:testScenarios.LetsCodIt@7cc0cdad]" started-at="2026-04-15T17:21:30 IST" name="handlingAllWebElements" finished-at="2026-04-15T17:21:37 IST" duration-ms="7702" status="PASS">
          <reporter-output>
          </reporter-output>
        </test-method> <!-- handlingAllWebElements -->
      </class> <!-- testScenarios.LetsCodIt -->
      <class name="testScenarios.CountNoOfLinks">
        <test-method signature="CountLinks()[pri:0, instance:testScenarios.CountNoOfLinks@4135c3b]" started-at="2026-04-15T17:20:59 IST" name="CountLinks" finished-at="2026-04-15T17:21:21 IST" duration-ms="22055" status="PASS">
          <reporter-output>
          </reporter-output>
        </test-method> <!-- CountLinks -->
      </class> <!-- testScenarios.CountNoOfLinks -->
      <class name="testScenarios.MouseHoverEvents">
        <test-method signature="dragAndDrop()[pri:0, instance:testScenarios.MouseHoverEvents@128d2484]" started-at="2026-04-15T17:21:21 IST" name="dragAndDrop" finished-at="2026-04-15T17:21:30 IST" duration-ms="8314" status="PASS">
          <reporter-output>
          </reporter-output>
        </test-method> <!-- dragAndDrop -->
      </class> <!-- testScenarios.MouseHoverEvents -->
      <class name="testScenarios.AutoSuggHandling">
        <test-method signature="googleAutoSugg()[pri:0, instance:testScenarios.AutoSuggHandling@4c583ecf]" started-at="2026-04-15T17:22:03 IST" name="googleAutoSugg" finished-at="2026-04-15T17:22:12 IST" duration-ms="9162" status="PASS">
          <reporter-output>
          </reporter-output>
        </test-method> <!-- googleAutoSugg -->
      </class> <!-- testScenarios.AutoSuggHandling -->
    </test> <!-- Test -->
  </suite> <!-- Suite -->
</testng-results>
